<?xml version="1.0" encoding="UTF-8"?>
<testsuite name="de.htw.berlin.webtechproject.WebTechProjectApplicationTests" tests="1" skipped="0" failures="0" errors="0" timestamp="2023-01-08T19:47:20" hostname="DESKTOP-O1SCR39" time="0.139">
  <properties/>
  <testcase name="verifies that the ItemEntity class has the correct structure and behavior" classname="de.htw.berlin.webtechproject.WebTechProjectApplicationTests" time="0.139"/>
  <system-out><![CDATA[20:47:17.463 [Test worker] DEBUG org.springframework.test.context.BootstrapUtils - Instantiating CacheAwareContextLoaderDelegate from class [org.springframework.test.context.cache.DefaultCacheAwareContextLoaderDelegate]
20:47:17.470 [Test worker] DEBUG org.springframework.test.context.BootstrapUtils - Instantiating BootstrapContext using constructor [public org.springframework.test.context.support.DefaultBootstrapContext(java.lang.Class,org.springframework.test.context.CacheAwareContextLoaderDelegate)]
20:47:17.488 [Test worker] DEBUG org.springframework.test.context.BootstrapUtils - Instantiating TestContextBootstrapper for test class [de.htw.berlin.webtechproject.WebTechProjectApplicationTests] from class [org.springframework.boot.test.context.SpringBootTestContextBootstrapper]
20:47:17.495 [Test worker] INFO org.springframework.boot.test.context.SpringBootTestContextBootstrapper - Neither @ContextConfiguration nor @ContextHierarchy found for test class [de.htw.berlin.webtechproject.WebTechProjectApplicationTests], using SpringBootContextLoader
20:47:17.497 [Test worker] DEBUG org.springframework.test.context.support.AbstractContextLoader - Did not detect default resource location for test class [de.htw.berlin.webtechproject.WebTechProjectApplicationTests]: class path resource [de/htw/berlin/webtechproject/WebTechProjectApplicationTests-context.xml] does not exist
20:47:17.497 [Test worker] DEBUG org.springframework.test.context.support.AbstractContextLoader - Did not detect default resource location for test class [de.htw.berlin.webtechproject.WebTechProjectApplicationTests]: class path resource [de/htw/berlin/webtechproject/WebTechProjectApplicationTestsContext.groovy] does not exist
20:47:17.497 [Test worker] INFO org.springframework.test.context.support.AbstractContextLoader - Could not detect default resource locations for test class [de.htw.berlin.webtechproject.WebTechProjectApplicationTests]: no resource found for suffixes {-context.xml, Context.groovy}.
20:47:17.498 [Test worker] INFO org.springframework.test.context.support.AnnotationConfigContextLoaderUtils - Could not detect default configuration classes for test class [de.htw.berlin.webtechproject.WebTechProjectApplicationTests]: WebTechProjectApplicationTests does not declare any static, non-private, non-final, nested classes annotated with @Configuration.
20:47:17.520 [Test worker] DEBUG org.springframework.test.context.support.ActiveProfilesUtils - Could not find an 'annotation declaring class' for annotation type [org.springframework.test.context.ActiveProfiles] and class [de.htw.berlin.webtechproject.WebTechProjectApplicationTests]
20:47:17.562 [Test worker] DEBUG org.springframework.context.annotation.ClassPathScanningCandidateComponentProvider - Identified candidate component class: file [C:\Users\nicht\Desktop\UNI\WEBTECH\web-tech-projekt\build\classes\java\main\de\htw\berlin\webtechproject\WebTechProjectApplication.class]
20:47:17.563 [Test worker] INFO org.springframework.boot.test.context.SpringBootTestContextBootstrapper - Found @SpringBootConfiguration de.htw.berlin.webtechproject.WebTechProjectApplication for test class de.htw.berlin.webtechproject.WebTechProjectApplicationTests
20:47:17.609 [Test worker] DEBUG org.springframework.boot.test.context.SpringBootTestContextBootstrapper - @TestExecutionListeners is not present for class [de.htw.berlin.webtechproject.WebTechProjectApplicationTests]: using defaults.
20:47:17.610 [Test worker] INFO org.springframework.boot.test.context.SpringBootTestContextBootstrapper - Loaded default TestExecutionListener class names from location [META-INF/spring.factories]: [org.springframework.boot.test.autoconfigure.restdocs.RestDocsTestExecutionListener, org.springframework.boot.test.autoconfigure.web.client.MockRestServiceServerResetTestExecutionListener, org.springframework.boot.test.autoconfigure.web.servlet.MockMvcPrintOnlyOnFailureTestExecutionListener, org.springframework.boot.test.autoconfigure.web.servlet.WebDriverTestExecutionListener, org.springframework.boot.test.autoconfigure.webservices.client.MockWebServiceServerTestExecutionListener, org.springframework.boot.test.mock.mockito.MockitoTestExecutionListener, org.springframework.boot.test.mock.mockito.ResetMocksTestExecutionListener, org.springframework.test.context.web.ServletTestExecutionListener, org.springframework.test.context.support.DirtiesContextBeforeModesTestExecutionListener, org.springframework.test.context.event.ApplicationEventsTestExecutionListener, org.springframework.test.context.support.DependencyInjectionTestExecutionListener, org.springframework.test.context.support.DirtiesContextTestExecutionListener, org.springframework.test.context.transaction.TransactionalTestExecutionListener, org.springframework.test.context.jdbc.SqlScriptsTestExecutionListener, org.springframework.test.context.event.EventPublishingTestExecutionListener]
20:47:17.618 [Test worker] INFO org.springframework.boot.test.context.SpringBootTestContextBootstrapper - Using TestExecutionListeners: [org.springframework.test.context.web.ServletTestExecutionListener@6a62689d, org.springframework.test.context.support.DirtiesContextBeforeModesTestExecutionListener@4602c2a9, org.springframework.test.context.event.ApplicationEventsTestExecutionListener@60fa3495, org.springframework.boot.test.mock.mockito.MockitoTestExecutionListener@3e2822, org.springframework.boot.test.autoconfigure.SpringBootDependencyInjectionTestExecutionListener@79e18e38, org.springframework.test.context.support.DirtiesContextTestExecutionListener@29a60c27, org.springframework.test.context.transaction.TransactionalTestExecutionListener@1849db1a, org.springframework.test.context.jdbc.SqlScriptsTestExecutionListener@69c79f09, org.springframework.test.context.event.EventPublishingTestExecutionListener@1ca25c47, org.springframework.boot.test.autoconfigure.restdocs.RestDocsTestExecutionListener@5fcacc0, org.springframework.boot.test.autoconfigure.web.client.MockRestServiceServerResetTestExecutionListener@533b266e, org.springframework.boot.test.autoconfigure.web.servlet.MockMvcPrintOnlyOnFailureTestExecutionListener@6d1d4d7, org.springframework.boot.test.autoconfigure.web.servlet.WebDriverTestExecutionListener@89ff02e, org.springframework.boot.test.autoconfigure.webservices.client.MockWebServiceServerTestExecutionListener@6865c751, org.springframework.boot.test.mock.mockito.ResetMocksTestExecutionListener@62679465]
20:47:17.620 [Test worker] DEBUG org.springframework.test.context.support.AbstractDirtiesContextTestExecutionListener - Before test class: context [DefaultTestContext@495083a0 testClass = WebTechProjectApplicationTests, testInstance = [null], testMethod = [null], testException = [null], mergedContextConfiguration = [WebMergedContextConfiguration@5fd62371 testClass = WebTechProjectApplicationTests, locations = '{}', classes = '{class de.htw.berlin.webtechproject.WebTechProjectApplication}', contextInitializerClasses = '[]', activeProfiles = '{}', propertySourceLocations = '{}', propertySourceProperties = '{org.springframework.boot.test.context.SpringBootTestContextBootstrapper=true, server.port=0}', contextCustomizers = set[org.springframework.boot.test.autoconfigure.actuate.metrics.MetricsExportContextCustomizerFactory$DisableMetricExportContextCustomizer@289710d9, org.springframework.boot.test.autoconfigure.properties.PropertyMappingContextCustomizer@0, org.springframework.boot.test.autoconfigure.web.servlet.WebDriverContextCustomizerFactory$Customizer@176b3f44, org.springframework.boot.test.context.filter.ExcludeFilterContextCustomizer@66ac5762, org.springframework.boot.test.json.DuplicateJsonObjectContextCustomizerFactory$DuplicateJsonObjectContextCustomizer@517d4a0d, org.springframework.boot.test.mock.mockito.MockitoContextCustomizer@0, org.springframework.boot.test.web.client.TestRestTemplateContextCustomizer@41d426b5, org.springframework.boot.test.context.SpringBootTestArgs@1, org.springframework.boot.test.context.SpringBootTestWebEnvironment@63a12c68], resourceBasePath = 'src/main/webapp', contextLoader = 'org.springframework.boot.test.context.SpringBootContextLoader', parent = [null]], attributes = map['org.springframework.test.context.web.ServletTestExecutionListener.activateListener' -> false]], class annotated with @DirtiesContext [false] with mode [null].
20:47:17.627 [Test worker] DEBUG org.springframework.test.context.support.DependencyInjectionTestExecutionListener - Performing dependency injection for test context [[DefaultTestContext@495083a0 testClass = WebTechProjectApplicationTests, testInstance = de.htw.berlin.webtechproject.WebTechProjectApplicationTests@7859e786, testMethod = [null], testException = [null], mergedContextConfiguration = [WebMergedContextConfiguration@5fd62371 testClass = WebTechProjectApplicationTests, locations = '{}', classes = '{class de.htw.berlin.webtechproject.WebTechProjectApplication}', contextInitializerClasses = '[]', activeProfiles = '{}', propertySourceLocations = '{}', propertySourceProperties = '{org.springframework.boot.test.context.SpringBootTestContextBootstrapper=true, server.port=0}', contextCustomizers = set[org.springframework.boot.test.autoconfigure.actuate.metrics.MetricsExportContextCustomizerFactory$DisableMetricExportContextCustomizer@289710d9, org.springframework.boot.test.autoconfigure.properties.PropertyMappingContextCustomizer@0, org.springframework.boot.test.autoconfigure.web.servlet.WebDriverContextCustomizerFactory$Customizer@176b3f44, org.springframework.boot.test.context.filter.ExcludeFilterContextCustomizer@66ac5762, org.springframework.boot.test.json.DuplicateJsonObjectContextCustomizerFactory$DuplicateJsonObjectContextCustomizer@517d4a0d, org.springframework.boot.test.mock.mockito.MockitoContextCustomizer@0, org.springframework.boot.test.web.client.TestRestTemplateContextCustomizer@41d426b5, org.springframework.boot.test.context.SpringBootTestArgs@1, org.springframework.boot.test.context.SpringBootTestWebEnvironment@63a12c68], resourceBasePath = 'src/main/webapp', contextLoader = 'org.springframework.boot.test.context.SpringBootContextLoader', parent = [null]], attributes = map['org.springframework.test.context.web.ServletTestExecutionListener.activateListener' -> false, 'org.springframework.test.context.event.ApplicationEventsTestExecutionListener.recordApplicationEvents' -> false]]].

  .   ____          _            __ _ _
 /\\ / ___'_ __ _ _(_)_ __  __ _ \ \ \ \
( ( )\___ | '_ | '_| | '_ \/ _` | \ \ \ \
 \\/  ___)| |_)| | | | | || (_| |  ) ) ) )
  '  |____| .__|_| |_|_| |_\__, | / / / /
 =========|_|==============|___/=/_/_/_/
 :: Spring Boot ::                (v2.7.4)

2023-01-08 20:47:17.806  INFO 32832 --- [    Test worker] d.h.b.w.WebTechProjectApplicationTests   : Starting WebTechProjectApplicationTests using Java 17.0.1 on DESKTOP-O1SCR39 with PID 32832 (started by nicht in C:\Users\nicht\Desktop\UNI\WEBTECH\web-tech-projekt)
2023-01-08 20:47:17.806  INFO 32832 --- [    Test worker] d.h.b.w.WebTechProjectApplicationTests   : No active profile set, falling back to 1 default profile: "default"
2023-01-08 20:47:18.113  INFO 32832 --- [    Test worker] .s.d.r.c.RepositoryConfigurationDelegate : Bootstrapping Spring Data JPA repositories in DEFAULT mode.
2023-01-08 20:47:18.138  INFO 32832 --- [    Test worker] .s.d.r.c.RepositoryConfigurationDelegate : Finished Spring Data repository scanning in 21 ms. Found 1 JPA repository interfaces.
2023-01-08 20:47:18.489  INFO 32832 --- [    Test worker] o.s.b.w.embedded.tomcat.TomcatWebServer  : Tomcat initialized with port(s): 0 (http)
2023-01-08 20:47:18.498  INFO 32832 --- [    Test worker] o.apache.catalina.core.StandardService   : Starting service [Tomcat]
2023-01-08 20:47:18.499  INFO 32832 --- [    Test worker] org.apache.catalina.core.StandardEngine  : Starting Servlet engine: [Apache Tomcat/9.0.65]
2023-01-08 20:47:18.562  INFO 32832 --- [    Test worker] o.a.c.c.C.[Tomcat].[localhost].[/]       : Initializing Spring embedded WebApplicationContext
2023-01-08 20:47:18.562  INFO 32832 --- [    Test worker] w.s.c.ServletWebServerApplicationContext : Root WebApplicationContext: initialization completed in 745 ms
2023-01-08 20:47:18.697  INFO 32832 --- [    Test worker] com.zaxxer.hikari.HikariDataSource       : HikariPool-1 - Starting...
2023-01-08 20:47:18.852  INFO 32832 --- [    Test worker] com.zaxxer.hikari.HikariDataSource       : HikariPool-1 - Start completed.
2023-01-08 20:47:18.914  INFO 32832 --- [    Test worker] o.hibernate.jpa.internal.util.LogHelper  : HHH000204: Processing PersistenceUnitInfo [name: default]
2023-01-08 20:47:18.964  INFO 32832 --- [    Test worker] org.hibernate.Version                    : HHH000412: Hibernate ORM core version 5.6.11.Final
2023-01-08 20:47:19.072  INFO 32832 --- [    Test worker] o.hibernate.annotations.common.Version   : HCANN000001: Hibernate Commons Annotations {5.1.2.Final}
2023-01-08 20:47:19.152  INFO 32832 --- [    Test worker] org.hibernate.dialect.Dialect            : HHH000400: Using dialect: org.hibernate.dialect.H2Dialect
2023-01-08 20:47:19.452  INFO 32832 --- [    Test worker] o.h.e.t.j.p.i.JtaPlatformInitiator       : HHH000490: Using JtaPlatform implementation: [org.hibernate.engine.transaction.jta.platform.internal.NoJtaPlatform]
2023-01-08 20:47:19.458  INFO 32832 --- [    Test worker] j.LocalContainerEntityManagerFactoryBean : Initialized JPA EntityManagerFactory for persistence unit 'default'
2023-01-08 20:47:19.681  WARN 32832 --- [    Test worker] JpaBaseConfiguration$JpaWebConfiguration : spring.jpa.open-in-view is enabled by default. Therefore, database queries may be performed during view rendering. Explicitly configure spring.jpa.open-in-view to disable this warning
2023-01-08 20:47:20.007  INFO 32832 --- [    Test worker] o.s.b.w.embedded.tomcat.TomcatWebServer  : Tomcat started on port(s): 1135 (http) with context path ''
2023-01-08 20:47:20.012  INFO 32832 --- [    Test worker] d.h.b.w.WebTechProjectApplicationTests   : Started WebTechProjectApplicationTests in 2.373 seconds (JVM running for 2.988)
]]></system-out>
  <system-err><![CDATA[]]></system-err>
</testsuite>
