<?xml version="1.0" encoding="UTF-8"?>
<testsuite name="de.htw.berlin.webtechproject.WebTechProjectApplicationTests" tests="1" skipped="0" failures="0" errors="0" timestamp="2022-12-20T16:07:18" hostname="DESKTOP-O1SCR39" time="0.194">
  <properties/>
  <testcase name="contextLoads()" classname="de.htw.berlin.webtechproject.WebTechProjectApplicationTests" time="0.194"/>
  <system-out><![CDATA[17:07:14.076 [Test worker] DEBUG org.springframework.test.context.BootstrapUtils - Instantiating CacheAwareContextLoaderDelegate from class [org.springframework.test.context.cache.DefaultCacheAwareContextLoaderDelegate]
17:07:14.087 [Test worker] DEBUG org.springframework.test.context.BootstrapUtils - Instantiating BootstrapContext using constructor [public org.springframework.test.context.support.DefaultBootstrapContext(java.lang.Class,org.springframework.test.context.CacheAwareContextLoaderDelegate)]
17:07:14.118 [Test worker] DEBUG org.springframework.test.context.BootstrapUtils - Instantiating TestContextBootstrapper for test class [de.htw.berlin.webtechproject.WebTechProjectApplicationTests] from class [org.springframework.boot.test.context.SpringBootTestContextBootstrapper]
17:07:14.128 [Test worker] INFO org.springframework.boot.test.context.SpringBootTestContextBootstrapper - Neither @ContextConfiguration nor @ContextHierarchy found for test class [de.htw.berlin.webtechproject.WebTechProjectApplicationTests], using SpringBootContextLoader
17:07:14.132 [Test worker] DEBUG org.springframework.test.context.support.AbstractContextLoader - Did not detect default resource location for test class [de.htw.berlin.webtechproject.WebTechProjectApplicationTests]: class path resource [de/htw/berlin/webtechproject/WebTechProjectApplicationTests-context.xml] does not exist
17:07:14.132 [Test worker] DEBUG org.springframework.test.context.support.AbstractContextLoader - Did not detect default resource location for test class [de.htw.berlin.webtechproject.WebTechProjectApplicationTests]: class path resource [de/htw/berlin/webtechproject/WebTechProjectApplicationTestsContext.groovy] does not exist
17:07:14.132 [Test worker] INFO org.springframework.test.context.support.AbstractContextLoader - Could not detect default resource locations for test class [de.htw.berlin.webtechproject.WebTechProjectApplicationTests]: no resource found for suffixes {-context.xml, Context.groovy}.
17:07:14.133 [Test worker] INFO org.springframework.test.context.support.AnnotationConfigContextLoaderUtils - Could not detect default configuration classes for test class [de.htw.berlin.webtechproject.WebTechProjectApplicationTests]: WebTechProjectApplicationTests does not declare any static, non-private, non-final, nested classes annotated with @Configuration.
17:07:14.169 [Test worker] DEBUG org.springframework.test.context.support.ActiveProfilesUtils - Could not find an 'annotation declaring class' for annotation type [org.springframework.test.context.ActiveProfiles] and class [de.htw.berlin.webtechproject.WebTechProjectApplicationTests]
17:07:14.230 [Test worker] DEBUG org.springframework.context.annotation.ClassPathScanningCandidateComponentProvider - Identified candidate component class: file [C:\Users\nicht\Desktop\UNI\WEBTECH\web-tech-projekt\build\classes\java\main\de\htw\berlin\webtechproject\WebTechProjectApplication.class]
17:07:14.230 [Test worker] INFO org.springframework.boot.test.context.SpringBootTestContextBootstrapper - Found @SpringBootConfiguration de.htw.berlin.webtechproject.WebTechProjectApplication for test class de.htw.berlin.webtechproject.WebTechProjectApplicationTests
17:07:14.317 [Test worker] DEBUG org.springframework.boot.test.context.SpringBootTestContextBootstrapper - @TestExecutionListeners is not present for class [de.htw.berlin.webtechproject.WebTechProjectApplicationTests]: using defaults.
17:07:14.318 [Test worker] INFO org.springframework.boot.test.context.SpringBootTestContextBootstrapper - Loaded default TestExecutionListener class names from location [META-INF/spring.factories]: [org.springframework.boot.test.autoconfigure.restdocs.RestDocsTestExecutionListener, org.springframework.boot.test.autoconfigure.web.client.MockRestServiceServerResetTestExecutionListener, org.springframework.boot.test.autoconfigure.web.servlet.MockMvcPrintOnlyOnFailureTestExecutionListener, org.springframework.boot.test.autoconfigure.web.servlet.WebDriverTestExecutionListener, org.springframework.boot.test.autoconfigure.webservices.client.MockWebServiceServerTestExecutionListener, org.springframework.boot.test.mock.mockito.MockitoTestExecutionListener, org.springframework.boot.test.mock.mockito.ResetMocksTestExecutionListener, org.springframework.test.context.web.ServletTestExecutionListener, org.springframework.test.context.support.DirtiesContextBeforeModesTestExecutionListener, org.springframework.test.context.event.ApplicationEventsTestExecutionListener, org.springframework.test.context.support.DependencyInjectionTestExecutionListener, org.springframework.test.context.support.DirtiesContextTestExecutionListener, org.springframework.test.context.transaction.TransactionalTestExecutionListener, org.springframework.test.context.jdbc.SqlScriptsTestExecutionListener, org.springframework.test.context.event.EventPublishingTestExecutionListener]
17:07:14.333 [Test worker] INFO org.springframework.boot.test.context.SpringBootTestContextBootstrapper - Using TestExecutionListeners: [org.springframework.test.context.web.ServletTestExecutionListener@29ef6856, org.springframework.test.context.support.DirtiesContextBeforeModesTestExecutionListener@ab7a938, org.springframework.test.context.event.ApplicationEventsTestExecutionListener@3faf2e7d, org.springframework.boot.test.mock.mockito.MockitoTestExecutionListener@4648ce9, org.springframework.boot.test.autoconfigure.SpringBootDependencyInjectionTestExecutionListener@569bf9eb, org.springframework.test.context.support.DirtiesContextTestExecutionListener@61526469, org.springframework.test.context.transaction.TransactionalTestExecutionListener@274872f8, org.springframework.test.context.jdbc.SqlScriptsTestExecutionListener@76ba13c, org.springframework.test.context.event.EventPublishingTestExecutionListener@eb6449b, org.springframework.boot.test.autoconfigure.restdocs.RestDocsTestExecutionListener@7c351808, org.springframework.boot.test.autoconfigure.web.client.MockRestServiceServerResetTestExecutionListener@180e6ac4, org.springframework.boot.test.autoconfigure.web.servlet.MockMvcPrintOnlyOnFailureTestExecutionListener@42b64ab8, org.springframework.boot.test.autoconfigure.web.servlet.WebDriverTestExecutionListener@7e985ce9, org.springframework.boot.test.autoconfigure.webservices.client.MockWebServiceServerTestExecutionListener@2a39fe6a, org.springframework.boot.test.mock.mockito.ResetMocksTestExecutionListener@410ae9a3]
17:07:14.336 [Test worker] DEBUG org.springframework.test.context.support.AbstractDirtiesContextTestExecutionListener - Before test class: context [DefaultTestContext@52b56a3e testClass = WebTechProjectApplicationTests, testInstance = [null], testMethod = [null], testException = [null], mergedContextConfiguration = [WebMergedContextConfiguration@fd0e5b6 testClass = WebTechProjectApplicationTests, locations = '{}', classes = '{class de.htw.berlin.webtechproject.WebTechProjectApplication}', contextInitializerClasses = '[]', activeProfiles = '{}', propertySourceLocations = '{}', propertySourceProperties = '{org.springframework.boot.test.context.SpringBootTestContextBootstrapper=true}', contextCustomizers = set[org.springframework.boot.test.autoconfigure.actuate.metrics.MetricsExportContextCustomizerFactory$DisableMetricExportContextCustomizer@55493582, org.springframework.boot.test.autoconfigure.properties.PropertyMappingContextCustomizer@0, org.springframework.boot.test.autoconfigure.web.servlet.WebDriverContextCustomizerFactory$Customizer@19b93fa8, org.springframework.boot.test.context.filter.ExcludeFilterContextCustomizer@1921ad94, org.springframework.boot.test.json.DuplicateJsonObjectContextCustomizerFactory$DuplicateJsonObjectContextCustomizer@2631f68c, org.springframework.boot.test.mock.mockito.MockitoContextCustomizer@0, org.springframework.boot.test.web.client.TestRestTemplateContextCustomizer@2a62b5bc, org.springframework.boot.test.context.SpringBootTestArgs@1, org.springframework.boot.test.context.SpringBootTestWebEnvironment@4e096385], resourceBasePath = 'src/main/webapp', contextLoader = 'org.springframework.boot.test.context.SpringBootContextLoader', parent = [null]], attributes = map['org.springframework.test.context.web.ServletTestExecutionListener.activateListener' -> true]], class annotated with @DirtiesContext [false] with mode [null].

  .   ____          _            __ _ _
 /\\ / ___'_ __ _ _(_)_ __  __ _ \ \ \ \
( ( )\___ | '_ | '_| | '_ \/ _` | \ \ \ \
 \\/  ___)| |_)| | | | | || (_| |  ) ) ) )
  '  |____| .__|_| |_|_| |_\__, | / / / /
 =========|_|==============|___/=/_/_/_/
 :: Spring Boot ::                (v2.7.4)

2022-12-20 17:07:14.645  INFO 10168 --- [    Test worker] d.h.b.w.WebTechProjectApplicationTests   : Starting WebTechProjectApplicationTests using Java 17.0.1 on DESKTOP-O1SCR39 with PID 10168 (started by nicht in C:\Users\nicht\Desktop\UNI\WEBTECH\web-tech-projekt)
2022-12-20 17:07:14.646  INFO 10168 --- [    Test worker] d.h.b.w.WebTechProjectApplicationTests   : No active profile set, falling back to 1 default profile: "default"
2022-12-20 17:07:15.147  INFO 10168 --- [    Test worker] .s.d.r.c.RepositoryConfigurationDelegate : Bootstrapping Spring Data JPA repositories in DEFAULT mode.
2022-12-20 17:07:15.188  INFO 10168 --- [    Test worker] .s.d.r.c.RepositoryConfigurationDelegate : Finished Spring Data repository scanning in 35 ms. Found 1 JPA repository interfaces.
2022-12-20 17:07:15.625  INFO 10168 --- [    Test worker] com.zaxxer.hikari.HikariDataSource       : HikariPool-1 - Starting...
2022-12-20 17:07:15.818  INFO 10168 --- [    Test worker] com.zaxxer.hikari.HikariDataSource       : HikariPool-1 - Start completed.
2022-12-20 17:07:15.875  INFO 10168 --- [    Test worker] o.hibernate.jpa.internal.util.LogHelper  : HHH000204: Processing PersistenceUnitInfo [name: default]
2022-12-20 17:07:15.935  INFO 10168 --- [    Test worker] org.hibernate.Version                    : HHH000412: Hibernate ORM core version 5.6.11.Final
2022-12-20 17:07:16.114  INFO 10168 --- [    Test worker] o.hibernate.annotations.common.Version   : HCANN000001: Hibernate Commons Annotations {5.1.2.Final}
2022-12-20 17:07:16.250  INFO 10168 --- [    Test worker] org.hibernate.dialect.Dialect            : HHH000400: Using dialect: org.hibernate.dialect.H2Dialect
2022-12-20 17:07:16.782  INFO 10168 --- [    Test worker] o.h.e.t.j.p.i.JtaPlatformInitiator       : HHH000490: Using JtaPlatform implementation: [org.hibernate.engine.transaction.jta.platform.internal.NoJtaPlatform]
2022-12-20 17:07:16.791  INFO 10168 --- [    Test worker] j.LocalContainerEntityManagerFactoryBean : Initialized JPA EntityManagerFactory for persistence unit 'default'
2022-12-20 17:07:17.334  WARN 10168 --- [    Test worker] JpaBaseConfiguration$JpaWebConfiguration : spring.jpa.open-in-view is enabled by default. Therefore, database queries may be performed during view rendering. Explicitly configure spring.jpa.open-in-view to disable this warning
2022-12-20 17:07:17.640  INFO 10168 --- [    Test worker] o.s.b.a.w.s.WelcomePageHandlerMapping    : Adding welcome page: class path resource [static/index.html]
2022-12-20 17:07:18.036  INFO 10168 --- [    Test worker] d.h.b.w.WebTechProjectApplicationTests   : Started WebTechProjectApplicationTests in 3.664 seconds (JVM running for 4.593)
]]></system-out>
  <system-err><![CDATA[]]></system-err>
</testsuite>
