<?xml version="1.0" encoding="UTF-8"?>
<testsuite name="de.htw.berlin.webtechproject.WebTechProjectApplicationTests" tests="1" skipped="0" failures="0" errors="0" timestamp="2022-11-14T17:14:00" hostname="DESKTOP-O1SCR39" time="0.267">
  <properties/>
  <testcase name="contextLoads()" classname="de.htw.berlin.webtechproject.WebTechProjectApplicationTests" time="0.267"/>
  <system-out><![CDATA[18:13:56.518 [Test worker] DEBUG org.springframework.test.context.BootstrapUtils - Instantiating CacheAwareContextLoaderDelegate from class [org.springframework.test.context.cache.DefaultCacheAwareContextLoaderDelegate]
18:13:56.530 [Test worker] DEBUG org.springframework.test.context.BootstrapUtils - Instantiating BootstrapContext using constructor [public org.springframework.test.context.support.DefaultBootstrapContext(java.lang.Class,org.springframework.test.context.CacheAwareContextLoaderDelegate)]
18:13:56.562 [Test worker] DEBUG org.springframework.test.context.BootstrapUtils - Instantiating TestContextBootstrapper for test class [de.htw.berlin.webtechproject.WebTechProjectApplicationTests] from class [org.springframework.boot.test.context.SpringBootTestContextBootstrapper]
18:13:56.573 [Test worker] INFO org.springframework.boot.test.context.SpringBootTestContextBootstrapper - Neither @ContextConfiguration nor @ContextHierarchy found for test class [de.htw.berlin.webtechproject.WebTechProjectApplicationTests], using SpringBootContextLoader
18:13:56.577 [Test worker] DEBUG org.springframework.test.context.support.AbstractContextLoader - Did not detect default resource location for test class [de.htw.berlin.webtechproject.WebTechProjectApplicationTests]: class path resource [de/htw/berlin/webtechproject/WebTechProjectApplicationTests-context.xml] does not exist
18:13:56.577 [Test worker] DEBUG org.springframework.test.context.support.AbstractContextLoader - Did not detect default resource location for test class [de.htw.berlin.webtechproject.WebTechProjectApplicationTests]: class path resource [de/htw/berlin/webtechproject/WebTechProjectApplicationTestsContext.groovy] does not exist
18:13:56.577 [Test worker] INFO org.springframework.test.context.support.AbstractContextLoader - Could not detect default resource locations for test class [de.htw.berlin.webtechproject.WebTechProjectApplicationTests]: no resource found for suffixes {-context.xml, Context.groovy}.
18:13:56.578 [Test worker] INFO org.springframework.test.context.support.AnnotationConfigContextLoaderUtils - Could not detect default configuration classes for test class [de.htw.berlin.webtechproject.WebTechProjectApplicationTests]: WebTechProjectApplicationTests does not declare any static, non-private, non-final, nested classes annotated with @Configuration.
18:13:56.614 [Test worker] DEBUG org.springframework.test.context.support.ActiveProfilesUtils - Could not find an 'annotation declaring class' for annotation type [org.springframework.test.context.ActiveProfiles] and class [de.htw.berlin.webtechproject.WebTechProjectApplicationTests]
18:13:56.676 [Test worker] DEBUG org.springframework.context.annotation.ClassPathScanningCandidateComponentProvider - Identified candidate component class: file [C:\Users\nicht\Desktop\UNI\WEBTECH\web-tech-projekt\build\classes\java\main\de\htw\berlin\webtechproject\WebTechProjectApplication.class]
18:13:56.677 [Test worker] INFO org.springframework.boot.test.context.SpringBootTestContextBootstrapper - Found @SpringBootConfiguration de.htw.berlin.webtechproject.WebTechProjectApplication for test class de.htw.berlin.webtechproject.WebTechProjectApplicationTests
18:13:56.763 [Test worker] DEBUG org.springframework.boot.test.context.SpringBootTestContextBootstrapper - @TestExecutionListeners is not present for class [de.htw.berlin.webtechproject.WebTechProjectApplicationTests]: using defaults.
18:13:56.763 [Test worker] INFO org.springframework.boot.test.context.SpringBootTestContextBootstrapper - Loaded default TestExecutionListener class names from location [META-INF/spring.factories]: [org.springframework.boot.test.autoconfigure.restdocs.RestDocsTestExecutionListener, org.springframework.boot.test.autoconfigure.web.client.MockRestServiceServerResetTestExecutionListener, org.springframework.boot.test.autoconfigure.web.servlet.MockMvcPrintOnlyOnFailureTestExecutionListener, org.springframework.boot.test.autoconfigure.web.servlet.WebDriverTestExecutionListener, org.springframework.boot.test.autoconfigure.webservices.client.MockWebServiceServerTestExecutionListener, org.springframework.boot.test.mock.mockito.MockitoTestExecutionListener, org.springframework.boot.test.mock.mockito.ResetMocksTestExecutionListener, org.springframework.test.context.web.ServletTestExecutionListener, org.springframework.test.context.support.DirtiesContextBeforeModesTestExecutionListener, org.springframework.test.context.event.ApplicationEventsTestExecutionListener, org.springframework.test.context.support.DependencyInjectionTestExecutionListener, org.springframework.test.context.support.DirtiesContextTestExecutionListener, org.springframework.test.context.transaction.TransactionalTestExecutionListener, org.springframework.test.context.jdbc.SqlScriptsTestExecutionListener, org.springframework.test.context.event.EventPublishingTestExecutionListener]
18:13:56.780 [Test worker] INFO org.springframework.boot.test.context.SpringBootTestContextBootstrapper - Using TestExecutionListeners: [org.springframework.test.context.web.ServletTestExecutionListener@2f058b8a, org.springframework.test.context.support.DirtiesContextBeforeModesTestExecutionListener@756cf158, org.springframework.test.context.event.ApplicationEventsTestExecutionListener@3f2ef586, org.springframework.boot.test.mock.mockito.MockitoTestExecutionListener@751d3241, org.springframework.boot.test.autoconfigure.SpringBootDependencyInjectionTestExecutionListener@76c7beb3, org.springframework.test.context.support.DirtiesContextTestExecutionListener@64337702, org.springframework.test.context.transaction.TransactionalTestExecutionListener@2cf92cc7, org.springframework.test.context.jdbc.SqlScriptsTestExecutionListener@30ea8c23, org.springframework.test.context.event.EventPublishingTestExecutionListener@7b139eab, org.springframework.boot.test.autoconfigure.restdocs.RestDocsTestExecutionListener@4e76dac, org.springframework.boot.test.autoconfigure.web.client.MockRestServiceServerResetTestExecutionListener@611df6e3, org.springframework.boot.test.autoconfigure.web.servlet.MockMvcPrintOnlyOnFailureTestExecutionListener@5f2f577, org.springframework.boot.test.autoconfigure.web.servlet.WebDriverTestExecutionListener@6273c5a4, org.springframework.boot.test.autoconfigure.webservices.client.MockWebServiceServerTestExecutionListener@5d465e4b, org.springframework.boot.test.mock.mockito.ResetMocksTestExecutionListener@53e211ee]
18:13:56.783 [Test worker] DEBUG org.springframework.test.context.support.AbstractDirtiesContextTestExecutionListener - Before test class: context [DefaultTestContext@191ae03f testClass = WebTechProjectApplicationTests, testInstance = [null], testMethod = [null], testException = [null], mergedContextConfiguration = [WebMergedContextConfiguration@9635fa testClass = WebTechProjectApplicationTests, locations = '{}', classes = '{class de.htw.berlin.webtechproject.WebTechProjectApplication}', contextInitializerClasses = '[]', activeProfiles = '{}', propertySourceLocations = '{}', propertySourceProperties = '{org.springframework.boot.test.context.SpringBootTestContextBootstrapper=true}', contextCustomizers = set[org.springframework.boot.test.autoconfigure.actuate.metrics.MetricsExportContextCustomizerFactory$DisableMetricExportContextCustomizer@16ce702d, org.springframework.boot.test.autoconfigure.properties.PropertyMappingContextCustomizer@0, org.springframework.boot.test.autoconfigure.web.servlet.WebDriverContextCustomizerFactory$Customizer@403f0a22, org.springframework.boot.test.context.filter.ExcludeFilterContextCustomizer@77825085, org.springframework.boot.test.json.DuplicateJsonObjectContextCustomizerFactory$DuplicateJsonObjectContextCustomizer@294a6b8e, org.springframework.boot.test.mock.mockito.MockitoContextCustomizer@0, org.springframework.boot.test.web.client.TestRestTemplateContextCustomizer@66ac5762, org.springframework.boot.test.context.SpringBootTestArgs@1, org.springframework.boot.test.context.SpringBootTestWebEnvironment@429bffaa], resourceBasePath = 'src/main/webapp', contextLoader = 'org.springframework.boot.test.context.SpringBootContextLoader', parent = [null]], attributes = map['org.springframework.test.context.web.ServletTestExecutionListener.activateListener' -> true]], class annotated with @DirtiesContext [false] with mode [null].

  .   ____          _            __ _ _
 /\\ / ___'_ __ _ _(_)_ __  __ _ \ \ \ \
( ( )\___ | '_ | '_| | '_ \/ _` | \ \ \ \
 \\/  ___)| |_)| | | | | || (_| |  ) ) ) )
  '  |____| .__|_| |_|_| |_\__, | / / / /
 =========|_|==============|___/=/_/_/_/
 :: Spring Boot ::                (v2.7.4)

2022-11-14 18:13:57.095  INFO 21584 --- [    Test worker] d.h.b.w.WebTechProjectApplicationTests   : Starting WebTechProjectApplicationTests using Java 17.0.1 on DESKTOP-O1SCR39 with PID 21584 (started by nicht in C:\Users\nicht\Desktop\UNI\WEBTECH\web-tech-projekt)
2022-11-14 18:13:57.096  INFO 21584 --- [    Test worker] d.h.b.w.WebTechProjectApplicationTests   : No active profile set, falling back to 1 default profile: "default"
2022-11-14 18:13:57.623  INFO 21584 --- [    Test worker] .s.d.r.c.RepositoryConfigurationDelegate : Bootstrapping Spring Data JPA repositories in DEFAULT mode.
2022-11-14 18:13:57.637  INFO 21584 --- [    Test worker] .s.d.r.c.RepositoryConfigurationDelegate : Finished Spring Data repository scanning in 6 ms. Found 0 JPA repository interfaces.
2022-11-14 18:13:58.080  INFO 21584 --- [    Test worker] com.zaxxer.hikari.HikariDataSource       : HikariPool-1 - Starting...
2022-11-14 18:13:58.265  INFO 21584 --- [    Test worker] com.zaxxer.hikari.HikariDataSource       : HikariPool-1 - Start completed.
2022-11-14 18:13:58.329  INFO 21584 --- [    Test worker] o.hibernate.jpa.internal.util.LogHelper  : HHH000204: Processing PersistenceUnitInfo [name: default]
2022-11-14 18:13:58.388  INFO 21584 --- [    Test worker] org.hibernate.Version                    : HHH000412: Hibernate ORM core version 5.6.11.Final
2022-11-14 18:13:58.592  INFO 21584 --- [    Test worker] o.hibernate.annotations.common.Version   : HCANN000001: Hibernate Commons Annotations {5.1.2.Final}
2022-11-14 18:13:58.740  INFO 21584 --- [    Test worker] org.hibernate.dialect.Dialect            : HHH000400: Using dialect: org.hibernate.dialect.H2Dialect
2022-11-14 18:13:58.923  INFO 21584 --- [    Test worker] o.h.e.t.j.p.i.JtaPlatformInitiator       : HHH000490: Using JtaPlatform implementation: [org.hibernate.engine.transaction.jta.platform.internal.NoJtaPlatform]
2022-11-14 18:13:58.931  INFO 21584 --- [    Test worker] j.LocalContainerEntityManagerFactoryBean : Initialized JPA EntityManagerFactory for persistence unit 'default'
2022-11-14 18:13:59.167  WARN 21584 --- [    Test worker] JpaBaseConfiguration$JpaWebConfiguration : spring.jpa.open-in-view is enabled by default. Therefore, database queries may be performed during view rendering. Explicitly configure spring.jpa.open-in-view to disable this warning
2022-11-14 18:13:59.591  INFO 21584 --- [    Test worker] o.s.b.a.w.s.WelcomePageHandlerMapping    : Adding welcome page: class path resource [static/index.html]
2022-11-14 18:13:59.998  INFO 21584 --- [    Test worker] d.h.b.w.WebTechProjectApplicationTests   : Started WebTechProjectApplicationTests in 3.18 seconds (JVM running for 4.205)
]]></system-out>
  <system-err><![CDATA[]]></system-err>
</testsuite>
