<?xml version="1.0" encoding="UTF-8"?>
<testsuite name="de.htw.berlin.webtechproject.WebTechProjectApplicationTests" tests="1" skipped="0" failures="0" errors="0" timestamp="2022-10-18T11:17:23" hostname="MacBook-Flo.local" time="0.815">
  <properties/>
  <testcase name="contextLoads()" classname="de.htw.berlin.webtechproject.WebTechProjectApplicationTests" time="0.815"/>
  <system-out><![CDATA[13:17:17.159 [Test worker] DEBUG org.springframework.test.context.BootstrapUtils - Instantiating CacheAwareContextLoaderDelegate from class [org.springframework.test.context.cache.DefaultCacheAwareContextLoaderDelegate]
13:17:17.175 [Test worker] DEBUG org.springframework.test.context.BootstrapUtils - Instantiating BootstrapContext using constructor [public org.springframework.test.context.support.DefaultBootstrapContext(java.lang.Class,org.springframework.test.context.CacheAwareContextLoaderDelegate)]
13:17:17.221 [Test worker] DEBUG org.springframework.test.context.BootstrapUtils - Instantiating TestContextBootstrapper for test class [de.htw.berlin.webtechproject.WebTechProjectApplicationTests] from class [org.springframework.boot.test.context.SpringBootTestContextBootstrapper]
13:17:17.239 [Test worker] INFO org.springframework.boot.test.context.SpringBootTestContextBootstrapper - Neither @ContextConfiguration nor @ContextHierarchy found for test class [de.htw.berlin.webtechproject.WebTechProjectApplicationTests], using SpringBootContextLoader
13:17:17.245 [Test worker] DEBUG org.springframework.test.context.support.AbstractContextLoader - Did not detect default resource location for test class [de.htw.berlin.webtechproject.WebTechProjectApplicationTests]: class path resource [de/htw/berlin/webtechproject/WebTechProjectApplicationTests-context.xml] does not exist
13:17:17.246 [Test worker] DEBUG org.springframework.test.context.support.AbstractContextLoader - Did not detect default resource location for test class [de.htw.berlin.webtechproject.WebTechProjectApplicationTests]: class path resource [de/htw/berlin/webtechproject/WebTechProjectApplicationTestsContext.groovy] does not exist
13:17:17.247 [Test worker] INFO org.springframework.test.context.support.AbstractContextLoader - Could not detect default resource locations for test class [de.htw.berlin.webtechproject.WebTechProjectApplicationTests]: no resource found for suffixes {-context.xml, Context.groovy}.
13:17:17.248 [Test worker] INFO org.springframework.test.context.support.AnnotationConfigContextLoaderUtils - Could not detect default configuration classes for test class [de.htw.berlin.webtechproject.WebTechProjectApplicationTests]: WebTechProjectApplicationTests does not declare any static, non-private, non-final, nested classes annotated with @Configuration.
13:17:17.323 [Test worker] DEBUG org.springframework.test.context.support.ActiveProfilesUtils - Could not find an 'annotation declaring class' for annotation type [org.springframework.test.context.ActiveProfiles] and class [de.htw.berlin.webtechproject.WebTechProjectApplicationTests]
13:17:17.422 [Test worker] DEBUG org.springframework.context.annotation.ClassPathScanningCandidateComponentProvider - Identified candidate component class: file [/Users/Flori/Desktop/Uni/3. Semester/Webtechnologien/web-tech-projekt/web-tech-projekt/build/classes/java/main/de/htw/berlin/webtechproject/WebTechProjectApplication.class]
13:17:17.425 [Test worker] INFO org.springframework.boot.test.context.SpringBootTestContextBootstrapper - Found @SpringBootConfiguration de.htw.berlin.webtechproject.WebTechProjectApplication for test class de.htw.berlin.webtechproject.WebTechProjectApplicationTests
13:17:17.586 [Test worker] DEBUG org.springframework.boot.test.context.SpringBootTestContextBootstrapper - @TestExecutionListeners is not present for class [de.htw.berlin.webtechproject.WebTechProjectApplicationTests]: using defaults.
13:17:17.588 [Test worker] INFO org.springframework.boot.test.context.SpringBootTestContextBootstrapper - Loaded default TestExecutionListener class names from location [META-INF/spring.factories]: [org.springframework.boot.test.autoconfigure.restdocs.RestDocsTestExecutionListener, org.springframework.boot.test.autoconfigure.web.client.MockRestServiceServerResetTestExecutionListener, org.springframework.boot.test.autoconfigure.web.servlet.MockMvcPrintOnlyOnFailureTestExecutionListener, org.springframework.boot.test.autoconfigure.web.servlet.WebDriverTestExecutionListener, org.springframework.boot.test.autoconfigure.webservices.client.MockWebServiceServerTestExecutionListener, org.springframework.boot.test.mock.mockito.MockitoTestExecutionListener, org.springframework.boot.test.mock.mockito.ResetMocksTestExecutionListener, org.springframework.test.context.web.ServletTestExecutionListener, org.springframework.test.context.support.DirtiesContextBeforeModesTestExecutionListener, org.springframework.test.context.event.ApplicationEventsTestExecutionListener, org.springframework.test.context.support.DependencyInjectionTestExecutionListener, org.springframework.test.context.support.DirtiesContextTestExecutionListener, org.springframework.test.context.transaction.TransactionalTestExecutionListener, org.springframework.test.context.jdbc.SqlScriptsTestExecutionListener, org.springframework.test.context.event.EventPublishingTestExecutionListener]
13:17:17.619 [Test worker] DEBUG org.springframework.boot.test.context.SpringBootTestContextBootstrapper - Skipping candidate TestExecutionListener [org.springframework.test.context.transaction.TransactionalTestExecutionListener] due to a missing dependency. Specify custom listener classes or make the default listener classes and their required dependencies available. Offending class: [org/springframework/transaction/interceptor/TransactionAttributeSource]
13:17:17.621 [Test worker] DEBUG org.springframework.boot.test.context.SpringBootTestContextBootstrapper - Skipping candidate TestExecutionListener [org.springframework.test.context.jdbc.SqlScriptsTestExecutionListener] due to a missing dependency. Specify custom listener classes or make the default listener classes and their required dependencies available. Offending class: [org/springframework/transaction/interceptor/TransactionAttribute]
13:17:17.622 [Test worker] INFO org.springframework.boot.test.context.SpringBootTestContextBootstrapper - Using TestExecutionListeners: [org.springframework.test.context.web.ServletTestExecutionListener@79145d5a, org.springframework.test.context.support.DirtiesContextBeforeModesTestExecutionListener@1f2f9244, org.springframework.test.context.event.ApplicationEventsTestExecutionListener@4c4d27c8, org.springframework.boot.test.mock.mockito.MockitoTestExecutionListener@6821ea29, org.springframework.boot.test.autoconfigure.SpringBootDependencyInjectionTestExecutionListener@338494fa, org.springframework.test.context.support.DirtiesContextTestExecutionListener@505a9d7c, org.springframework.test.context.event.EventPublishingTestExecutionListener@758c83d8, org.springframework.boot.test.autoconfigure.restdocs.RestDocsTestExecutionListener@129b4fe2, org.springframework.boot.test.autoconfigure.web.client.MockRestServiceServerResetTestExecutionListener@5af3a0f, org.springframework.boot.test.autoconfigure.web.servlet.MockMvcPrintOnlyOnFailureTestExecutionListener@19ae6bb, org.springframework.boot.test.autoconfigure.web.servlet.WebDriverTestExecutionListener@10993713, org.springframework.boot.test.autoconfigure.webservices.client.MockWebServiceServerTestExecutionListener@58359ebd, org.springframework.boot.test.mock.mockito.ResetMocksTestExecutionListener@24b6b8f6]
13:17:17.629 [Test worker] DEBUG org.springframework.test.context.support.AbstractDirtiesContextTestExecutionListener - Before test class: context [DefaultTestContext@3fffff43 testClass = WebTechProjectApplicationTests, testInstance = [null], testMethod = [null], testException = [null], mergedContextConfiguration = [WebMergedContextConfiguration@a8e6492 testClass = WebTechProjectApplicationTests, locations = '{}', classes = '{class de.htw.berlin.webtechproject.WebTechProjectApplication}', contextInitializerClasses = '[]', activeProfiles = '{}', propertySourceLocations = '{}', propertySourceProperties = '{org.springframework.boot.test.context.SpringBootTestContextBootstrapper=true}', contextCustomizers = set[org.springframework.boot.test.autoconfigure.actuate.metrics.MetricsExportContextCustomizerFactory$DisableMetricExportContextCustomizer@38ba6ce3, org.springframework.boot.test.autoconfigure.properties.PropertyMappingContextCustomizer@0, org.springframework.boot.test.autoconfigure.web.servlet.WebDriverContextCustomizerFactory$Customizer@82ea68c, org.springframework.boot.test.context.filter.ExcludeFilterContextCustomizer@8e50104, org.springframework.boot.test.json.DuplicateJsonObjectContextCustomizerFactory$DuplicateJsonObjectContextCustomizer@45a37759, org.springframework.boot.test.mock.mockito.MockitoContextCustomizer@0, org.springframework.boot.test.web.client.TestRestTemplateContextCustomizer@3f57bcad, org.springframework.boot.test.context.SpringBootTestArgs@1, org.springframework.boot.test.context.SpringBootTestWebEnvironment@38afe297], resourceBasePath = 'src/main/webapp', contextLoader = 'org.springframework.boot.test.context.SpringBootContextLoader', parent = [null]], attributes = map['org.springframework.test.context.web.ServletTestExecutionListener.activateListener' -> true]], class annotated with @DirtiesContext [false] with mode [null].

  .   ____          _            __ _ _
 /\\ / ___'_ __ _ _(_)_ __  __ _ \ \ \ \
( ( )\___ | '_ | '_| | '_ \/ _` | \ \ \ \
 \\/  ___)| |_)| | | | | || (_| |  ) ) ) )
  '  |____| .__|_| |_|_| |_\__, | / / / /
 =========|_|==============|___/=/_/_/_/
 :: Spring Boot ::                (v2.7.4)

2022-10-18 13:17:18.311  INFO 16671 --- [    Test worker] d.h.b.w.WebTechProjectApplicationTests   : Starting WebTechProjectApplicationTests using Java 17.0.2 on MacBook-Flo.local with PID 16671 (started by Flori in /Users/Flori/Desktop/Uni/3. Semester/Webtechnologien/web-tech-projekt/web-tech-projekt)
2022-10-18 13:17:18.314  INFO 16671 --- [    Test worker] d.h.b.w.WebTechProjectApplicationTests   : No active profile set, falling back to 1 default profile: "default"
2022-10-18 13:17:22.914  INFO 16671 --- [    Test worker] o.s.b.a.w.s.WelcomePageHandlerMapping    : Adding welcome page: class path resource [static/index.html]
2022-10-18 13:17:23.744  INFO 16671 --- [    Test worker] d.h.b.w.WebTechProjectApplicationTests   : Started WebTechProjectApplicationTests in 6.029 seconds (JVM running for 7.687)
]]></system-out>
  <system-err><![CDATA[]]></system-err>
</testsuite>
